<?xml version="1.0" encoding="UTF-8"?>
<robot generator="Robot 6.1.1 (Python 3.13.2 on win32)" generated="20251118 18:00:36.035" rpa="false" schemaversion="4">
<suite id="s1" name="Login Tests" source="C:\Users\uSeR\Desktop\digital_attendance_system\testing\robot-framework\tests\login_tests.robot">
<test id="s1-t1" name="TC002_Valid_Login_Success" line="17">
<kw name="Setup Test Environment" library="common" type="SETUP">
<doc>Initialize browser and navigate to application</doc>
<kw name="Set Selenium Speed" library="SeleniumLibrary">
<arg>0.5</arg>
<doc>Sets the delay that is waited after each Selenium command.</doc>
<status status="PASS" starttime="20251118 18:00:36.232" endtime="20251118 18:00:36.232"/>
</kw>
<kw name="Set Selenium Implicit Wait" library="SeleniumLibrary">
<arg>${IMPLICIT_WAIT}</arg>
<doc>Sets the implicit wait value used by Selenium.</doc>
<status status="PASS" starttime="20251118 18:00:36.232" endtime="20251118 18:00:36.232"/>
</kw>
<kw name="Set Selenium Timeout" library="SeleniumLibrary">
<arg>${PAGE_LOAD_TIMEOUT}</arg>
<doc>Sets the timeout that is used by various keywords.</doc>
<status status="PASS" starttime="20251118 18:00:36.232" endtime="20251118 18:00:36.232"/>
</kw>
<status status="PASS" starttime="20251118 18:00:36.232" endtime="20251118 18:00:36.232"/>
</kw>
<kw name="Open Application" library="common">
<doc>Open browser and navigate to login page</doc>
<kw name="Open Browser" library="SeleniumLibrary">
<arg>${LOGIN_URL}</arg>
<arg>${BROWSER}</arg>
<doc>Opens a new browser instance to the optional ``url``.</doc>
<msg timestamp="20251118 18:00:36.233" level="INFO">Opening browser 'Chrome' to base url 'http://localhost:3000'.</msg>
<status status="PASS" starttime="20251118 18:00:36.233" endtime="20251118 18:00:38.847"/>
</kw>
<kw name="Maximize Browser Window" library="SeleniumLibrary">
<doc>Maximizes current browser window.</doc>
<status status="PASS" starttime="20251118 18:00:38.847" endtime="20251118 18:00:39.369"/>
</kw>
<kw name="Set Selenium Implicit Wait" library="SeleniumLibrary">
<arg>${IMPLICIT_WAIT}</arg>
<doc>Sets the implicit wait value used by Selenium.</doc>
<status status="PASS" starttime="20251118 18:00:39.370" endtime="20251118 18:00:39.871"/>
</kw>
<kw name="Wait Until Page Contains" library="SeleniumLibrary">
<arg>Instructor Login</arg>
<arg>timeout=10s</arg>
<doc>Waits until ``text`` appears on the current page.</doc>
<status status="PASS" starttime="20251118 18:00:39.871" endtime="20251118 18:00:40.381"/>
</kw>
<status status="PASS" starttime="20251118 18:00:36.233" endtime="20251118 18:00:40.381"/>
</kw>
<kw name="Login With Valid Credentials" library="common">
<doc>Perform login with valid credentials</doc>
<kw name="Input Text" library="SeleniumLibrary">
<arg>${LOGIN_USERNAME_FIELD}</arg>
<arg>${VALID_USERNAME}</arg>
<doc>Types the given ``text`` into the text field identified by ``locator``.</doc>
<msg timestamp="20251118 18:00:40.382" level="INFO">Typing text 'apichon.w' into text field 'css:input[placeholder*="username"]'.</msg>
<status status="PASS" starttime="20251118 18:00:40.381" endtime="20251118 18:00:41.982"/>
</kw>
<kw name="Input Text" library="SeleniumLibrary">
<arg>${LOGIN_PASSWORD_FIELD}</arg>
<arg>${VALID_PASSWORD}</arg>
<doc>Types the given ``text`` into the text field identified by ``locator``.</doc>
<msg timestamp="20251118 18:00:41.982" level="INFO">Typing text 'siit2025' into text field 'css:input[type="password"]'.</msg>
<status status="PASS" starttime="20251118 18:00:41.982" endtime="20251118 18:00:43.559"/>
</kw>
<kw name="Click Button" library="SeleniumLibrary">
<arg>${LOGIN_SUBMIT_BUTTON}</arg>
<doc>Clicks the button identified by ``locator``.</doc>
<msg timestamp="20251118 18:00:43.559" level="INFO">Clicking button 'css:button[type="submit"]'.</msg>
<status status="PASS" starttime="20251118 18:00:43.559" endtime="20251118 18:00:46.124"/>
</kw>
<kw name="Wait Until Page Contains" library="SeleniumLibrary">
<arg>Your Classes</arg>
<arg>timeout=10s</arg>
<doc>Waits until ``text`` appears on the current page.</doc>
<status status="PASS" starttime="20251118 18:00:46.124" endtime="20251118 18:00:47.680"/>
</kw>
<status status="PASS" starttime="20251118 18:00:40.381" endtime="20251118 18:00:47.680"/>
</kw>
<kw name="Location Should Contain" library="SeleniumLibrary">
<arg>${BASE_URL}</arg>
<doc>Verifies that the current URL contains ``expected``.</doc>
<msg timestamp="20251118 18:00:48.183" level="INFO">Current location contains 'http://localhost:3000'.</msg>
<status status="PASS" starttime="20251118 18:00:47.680" endtime="20251118 18:00:48.184"/>
</kw>
<kw name="Page Should Contain" library="SeleniumLibrary">
<arg>Your Classes</arg>
<doc>Verifies that current page contains ``text``.</doc>
<msg timestamp="20251118 18:00:49.191" level="INFO">Current page contains text 'Your Classes'.</msg>
<status status="PASS" starttime="20251118 18:00:48.184" endtime="20251118 18:00:49.191"/>
</kw>
<kw name="Page Should Contain" library="SeleniumLibrary">
<arg>Welcome, Dr. Apichon Witayangkurn</arg>
<doc>Verifies that current page contains ``text``.</doc>
<msg timestamp="20251118 18:00:50.201" level="INFO">Current page contains text 'Welcome, Dr. Apichon Witayangkurn'.</msg>
<status status="PASS" starttime="20251118 18:00:49.192" endtime="20251118 18:00:50.201"/>
</kw>
<kw name="Close Application" library="common" type="TEARDOWN">
<doc>Close browser and cleanup</doc>
<kw name="Close Browser" library="SeleniumLibrary">
<doc>Closes the current browser.</doc>
<status status="PASS" starttime="20251118 18:00:50.202" endtime="20251118 18:00:52.792"/>
</kw>
<status status="PASS" starttime="20251118 18:00:50.202" endtime="20251118 18:00:52.792"/>
</kw>
<doc>Test successful login with valid credentials</doc>
<tag>functional</tag>
<tag>login</tag>
<tag>positive</tag>
<status status="PASS" starttime="20251118 18:00:36.231" endtime="20251118 18:00:52.792"/>
</test>
<kw name="Take Screenshot On Failure" library="common" type="TEARDOWN">
<doc>Take screenshot when test fails</doc>
<kw name="Capture Page Screenshot" library="SeleniumLibrary">
<arg>failure-{index}.png</arg>
<doc>Takes a screenshot of the current page and embeds it into a log file.</doc>
<msg timestamp="20251118 18:00:52.793" level="INFO">Cannot capture screenshot because no browser is open.</msg>
<status status="PASS" starttime="20251118 18:00:52.793" endtime="20251118 18:00:52.793"/>
</kw>
<status status="PASS" starttime="20251118 18:00:52.793" endtime="20251118 18:00:52.793"/>
</kw>
<doc>Login Page Testing Suite</doc>
<status status="PASS" starttime="20251118 18:00:36.036" endtime="20251118 18:00:52.793"/>
</suite>
<statistics>
<total>
<stat pass="1" fail="0" skip="0">All Tests</stat>
</total>
<tag>
<stat pass="1" fail="0" skip="0">functional</stat>
<stat pass="1" fail="0" skip="0">login</stat>
<stat pass="1" fail="0" skip="0">positive</stat>
</tag>
<suite>
<stat pass="1" fail="0" skip="0" id="s1" name="Login Tests">Login Tests</stat>
</suite>
</statistics>
<errors>
</errors>
</robot>
